<?xml version="1.0" encoding="UTF-8"?>
<testng-results skipped="0" failed="0" ignored="0" total="1" passed="1">
  <reporter-output>
  </reporter-output>
  <suite name="Default suite" duration-ms="28392" started-at="2019-04-04T09:31:29Z" finished-at="2019-04-04T09:31:57Z">
    <groups>
    </groups>
    <test name="Default test" duration-ms="28392" started-at="2019-04-04T09:31:29Z" finished-at="2019-04-04T09:31:57Z">
      <class name="com.sspart.testng.Testng1">
        <test-method status="PASS" signature="testcase01()[pri:0, instance:com.sspart.testng.Testng1@18eed359]" name="testcase01" duration-ms="28313" started-at="2019-04-04T09:31:29Z" finished-at="2019-04-04T09:31:57Z">
          <reporter-output>
          </reporter-output>
        </test-method> <!-- testcase01 -->
      </class> <!-- com.sspart.testng.Testng1 -->
    </test> <!-- Default test -->
  </suite> <!-- Default suite -->
</testng-results>
